[19:26:26 +03:00] [I] loraftp_send V100 starting...
[19:26:26 +03:00] [I] Usage: ./build/loraftp_send <file to send>
[19:26:26 +03:00] [I] Terminated
[19:26:41 +03:00] [I] loraftp_send V100 starting...
[19:26:41 +03:00] [E] Failed to open file: echo_test
[19:26:41 +03:00] [I] Terminated
[19:26:51 +03:00] [I] loraftp_send V100 starting...
[19:26:51 +03:00] [I] Compressed log.txt to 8769 bytes.  Starting LoRa uplink...
[19:26:51 +03:00] [I] Transmitting...
[19:27:22 +03:00] [I] Terminated
[19:33:32 +03:00] [I] loraftp_send V100 starting...
[19:33:32 +03:00] [I] Compressed log.txt to 8769 bytes.  Starting LoRa uplink...
[19:33:32 +03:00] [I] Transmitting...
[19:34:36 +03:00] [I] Terminated
[19:36:35 +03:00] [I] loraftp_send V100 starting...
[19:36:35 +03:00] [I] Compressed log.txt to 8769 bytes.  Starting LoRa uplink...
[19:36:35 +03:00] [I] Transmitting...
[19:36:37 +03:00] [I] Terminated
[19:36:56 +03:00] [I] loraftp_send V100 starting...
[19:36:56 +03:00] [I] Compressed log.txt to 8769 bytes.  Starting LoRa uplink...
[19:36:56 +03:00] [I] Transmitting...
[19:37:08 +03:00] [I] Terminated
[19:41:42 +03:00] [I] loraftp_send V100 starting...
[19:41:42 +03:00] [I] Compressed log.txt to 8769 bytes.  Starting LoRa uplink...
[19:41:42 +03:00] [I] Transmitting...
[19:41:46 +03:00] [I] Terminated
[19:44:10 +03:00] [I] loraftp_send V100 starting...
[19:44:10 +03:00] [I] Compressed log.txt to 8769 bytes.  Starting LoRa uplink...
[19:44:10 +03:00] [I] Transmitting...
[19:44:18 +03:00] [I] Terminated
[19:51:20 +03:00] [I] loraftp_send V100 starting...
[19:51:20 +03:00] [I] Compressed log.txt to 8769 bytes.  Starting LoRa uplink...
[19:51:20 +03:00] [I] Transmitting...
[19:51:51 +03:00] [I] Terminated
